{"C:\\Users\\b14s206\\Desktop\\entrega_devops\\api-rest-devops\\controllers\\dataController.js": {"path":"C:\\Users\\b14s206\\Desktop\\entrega_devops\\api-rest-devops\\controllers\\dataController.js","statementMap":{"0":{"start":{"line":1,"column":17},"end":{"line":1,"column":30}},"1":{"start":{"line":3,"column":13},"end":{"line":9,"column":2}},"2":{"start":{"line":11,"column":0},"end":{"line":22,"column":4}},"3":{"start":{"line":12,"column":4},"end":{"line":21,"column":5}},"4":{"start":{"line":13,"column":21},"end":{"line":13,"column":41}},"5":{"start":{"line":14,"column":21},"end":{"line":14,"column":68}},"6":{"start":{"line":15,"column":19},"end":{"line":15,"column":30}},"7":{"start":{"line":16,"column":6},"end":{"line":16,"column":23}},"8":{"start":{"line":17,"column":6},"end":{"line":17,"column":33}},"9":{"start":{"line":19,"column":6},"end":{"line":19,"column":52}},"10":{"start":{"line":20,"column":6},"end":{"line":20,"column":57}},"11":{"start":{"line":25,"column":2},"end":{"line":36,"column":4}},"12":{"start":{"line":26,"column":4},"end":{"line":35,"column":5}},"13":{"start":{"line":27,"column":21},"end":{"line":27,"column":41}},"14":{"start":{"line":28,"column":21},"end":{"line":28,"column":64}},"15":{"start":{"line":29,"column":19},"end":{"line":29,"column":30}},"16":{"start":{"line":30,"column":6},"end":{"line":30,"column":23}},"17":{"start":{"line":31,"column":6},"end":{"line":31,"column":33}},"18":{"start":{"line":33,"column":6},"end":{"line":33,"column":52}},"19":{"start":{"line":34,"column":6},"end":{"line":34,"column":57}},"20":{"start":{"line":41,"column":2},"end":{"line":52,"column":4}},"21":{"start":{"line":42,"column":4},"end":{"line":51,"column":5}},"22":{"start":{"line":43,"column":21},"end":{"line":43,"column":41}},"23":{"start":{"line":44,"column":21},"end":{"line":44,"column":65}},"24":{"start":{"line":45,"column":19},"end":{"line":45,"column":30}},"25":{"start":{"line":46,"column":6},"end":{"line":46,"column":23}},"26":{"start":{"line":47,"column":6},"end":{"line":47,"column":33}},"27":{"start":{"line":49,"column":6},"end":{"line":49,"column":52}},"28":{"start":{"line":50,"column":6},"end":{"line":50,"column":57}},"29":{"start":{"line":58,"column":0},"end":{"line":70,"column":4}},"30":{"start":{"line":59,"column":49},"end":{"line":59,"column":57}},"31":{"start":{"line":60,"column":4},"end":{"line":69,"column":5}},"32":{"start":{"line":61,"column":21},"end":{"line":61,"column":41}},"33":{"start":{"line":62,"column":21},"end":{"line":62,"column":172}},"34":{"start":{"line":63,"column":22},"end":{"line":63,"column":36}},"35":{"start":{"line":64,"column":6},"end":{"line":64,"column":23}},"36":{"start":{"line":65,"column":6},"end":{"line":65,"column":36}},"37":{"start":{"line":67,"column":6},"end":{"line":67,"column":62}},"38":{"start":{"line":68,"column":6},"end":{"line":68,"column":57}},"39":{"start":{"line":75,"column":2},"end":{"line":87,"column":4}},"40":{"start":{"line":76,"column":52},"end":{"line":76,"column":60}},"41":{"start":{"line":77,"column":4},"end":{"line":86,"column":5}},"42":{"start":{"line":78,"column":21},"end":{"line":78,"column":41}},"43":{"start":{"line":79,"column":21},"end":{"line":79,"column":181}},"44":{"start":{"line":80,"column":22},"end":{"line":80,"column":36}},"45":{"start":{"line":81,"column":6},"end":{"line":81,"column":23}},"46":{"start":{"line":82,"column":6},"end":{"line":82,"column":36}},"47":{"start":{"line":84,"column":6},"end":{"line":84,"column":62}},"48":{"start":{"line":85,"column":6},"end":{"line":85,"column":57}},"49":{"start":{"line":92,"column":2},"end":{"line":108,"column":4}},"50":{"start":{"line":93,"column":15},"end":{"line":93,"column":28}},"51":{"start":{"line":94,"column":49},"end":{"line":94,"column":57}},"52":{"start":{"line":95,"column":4},"end":{"line":107,"column":5}},"53":{"start":{"line":96,"column":21},"end":{"line":96,"column":41}},"54":{"start":{"line":97,"column":21},"end":{"line":97,"column":181}},"55":{"start":{"line":98,"column":26},"end":{"line":98,"column":40}},"56":{"start":{"line":99,"column":6},"end":{"line":99,"column":23}},"57":{"start":{"line":100,"column":6},"end":{"line":102,"column":7}},"58":{"start":{"line":101,"column":8},"end":{"line":101,"column":62}},"59":{"start":{"line":103,"column":6},"end":{"line":103,"column":40}},"60":{"start":{"line":105,"column":6},"end":{"line":105,"column":61}},"61":{"start":{"line":106,"column":6},"end":{"line":106,"column":57}},"62":{"start":{"line":113,"column":2},"end":{"line":128,"column":4}},"63":{"start":{"line":114,"column":15},"end":{"line":114,"column":28}},"64":{"start":{"line":115,"column":4},"end":{"line":127,"column":5}},"65":{"start":{"line":116,"column":21},"end":{"line":116,"column":41}},"66":{"start":{"line":117,"column":21},"end":{"line":117,"column":98}},"67":{"start":{"line":118,"column":26},"end":{"line":118,"column":40}},"68":{"start":{"line":119,"column":6},"end":{"line":119,"column":23}},"69":{"start":{"line":120,"column":6},"end":{"line":122,"column":7}},"70":{"start":{"line":121,"column":8},"end":{"line":121,"column":62}},"71":{"start":{"line":123,"column":6},"end":{"line":123,"column":40}},"72":{"start":{"line":125,"column":6},"end":{"line":125,"column":59}},"73":{"start":{"line":126,"column":6},"end":{"line":126,"column":57}}},"fnMap":{"0":{"name":"(anonymous_0)","decl":{"start":{"line":11,"column":24},"end":{"line":11,"column":25}},"loc":{"start":{"line":11,"column":44},"end":{"line":22,"column":3}},"line":11},"1":{"name":"(anonymous_1)","decl":{"start":{"line":25,"column":29},"end":{"line":25,"column":30}},"loc":{"start":{"line":25,"column":49},"end":{"line":36,"column":3}},"line":25},"2":{"name":"(anonymous_2)","decl":{"start":{"line":41,"column":30},"end":{"line":41,"column":31}},"loc":{"start":{"line":41,"column":50},"end":{"line":52,"column":3}},"line":41},"3":{"name":"(anonymous_3)","decl":{"start":{"line":58,"column":24},"end":{"line":58,"column":25}},"loc":{"start":{"line":58,"column":44},"end":{"line":70,"column":3}},"line":58},"4":{"name":"(anonymous_4)","decl":{"start":{"line":75,"column":30},"end":{"line":75,"column":31}},"loc":{"start":{"line":75,"column":50},"end":{"line":87,"column":3}},"line":75},"5":{"name":"(anonymous_5)","decl":{"start":{"line":92,"column":26},"end":{"line":92,"column":27}},"loc":{"start":{"line":92,"column":46},"end":{"line":108,"column":3}},"line":92},"6":{"name":"(anonymous_6)","decl":{"start":{"line":113,"column":26},"end":{"line":113,"column":27}},"loc":{"start":{"line":113,"column":46},"end":{"line":128,"column":3}},"line":113}},"branchMap":{"0":{"loc":{"start":{"line":100,"column":6},"end":{"line":102,"column":7}},"type":"if","locations":[{"start":{"line":100,"column":6},"end":{"line":102,"column":7}},{"start":{},"end":{}}],"line":100},"1":{"loc":{"start":{"line":120,"column":6},"end":{"line":122,"column":7}},"type":"if","locations":[{"start":{"line":120,"column":6},"end":{"line":122,"column":7}},{"start":{},"end":{}}],"line":120}},"s":{"0":1,"1":1,"2":1,"3":1,"4":1,"5":1,"6":1,"7":1,"8":1,"9":0,"10":0,"11":1,"12":1,"13":1,"14":1,"15":1,"16":1,"17":1,"18":0,"19":0,"20":1,"21":1,"22":1,"23":1,"24":1,"25":1,"26":1,"27":0,"28":0,"29":1,"30":2,"31":2,"32":2,"33":2,"34":2,"35":2,"36":2,"37":0,"38":0,"39":1,"40":1,"41":1,"42":1,"43":1,"44":1,"45":1,"46":1,"47":0,"48":0,"49":1,"50":0,"51":0,"52":0,"53":0,"54":0,"55":0,"56":0,"57":0,"58":0,"59":0,"60":0,"61":0,"62":1,"63":0,"64":0,"65":0,"66":0,"67":0,"68":0,"69":0,"70":0,"71":0,"72":0,"73":0},"f":{"0":1,"1":1,"2":1,"3":2,"4":1,"5":0,"6":0},"b":{"0":[0,0],"1":[0,0]},"_coverageSchema":"1a1c01bbd47fc00a2c39e90264f33305004495a9","hash":"1474936352006c55ed62b2be5f413d1dbcac4739"}
,"C:\\Users\\b14s206\\Desktop\\entrega_devops\\api-rest-devops\\routes\\dataRoutes.js": {"path":"C:\\Users\\b14s206\\Desktop\\entrega_devops\\api-rest-devops\\routes\\dataRoutes.js","statementMap":{"0":{"start":{"line":1,"column":16},"end":{"line":1,"column":34}},"1":{"start":{"line":2,"column":15},"end":{"line":2,"column":31}},"2":{"start":{"line":3,"column":23},"end":{"line":3,"column":63}},"3":{"start":{"line":5,"column":0},"end":{"line":5,"column":49}},"4":{"start":{"line":6,"column":0},"end":{"line":6,"column":56}},"5":{"start":{"line":7,"column":0},"end":{"line":7,"column":57}},"6":{"start":{"line":9,"column":0},"end":{"line":9,"column":56}},"7":{"start":{"line":10,"column":0},"end":{"line":10,"column":64}},"8":{"start":{"line":12,"column":0},"end":{"line":12,"column":59}},"9":{"start":{"line":14,"column":0},"end":{"line":14,"column":62}},"10":{"start":{"line":15,"column":0},"end":{"line":15,"column":24}}},"fnMap":{},"branchMap":{},"s":{"0":1,"1":1,"2":1,"3":1,"4":1,"5":1,"6":1,"7":1,"8":1,"9":1,"10":1},"f":{},"b":{},"_coverageSchema":"1a1c01bbd47fc00a2c39e90264f33305004495a9","hash":"5fe4fe3eb61319f09a3044bcdbce281a91214d4c"}
}
