{"C:\\Users\\b14s206\\Desktop\\entrega_devops\\api-rest-devops\\controllers\\dataController.js": {"path":"C:\\Users\\b14s206\\Desktop\\entrega_devops\\api-rest-devops\\controllers\\dataController.js","statementMap":{"0":{"start":{"line":1,"column":17},"end":{"line":1,"column":30}},"1":{"start":{"line":3,"column":13},"end":{"line":9,"column":2}},"2":{"start":{"line":11,"column":0},"end":{"line":22,"column":4}},"3":{"start":{"line":12,"column":4},"end":{"line":21,"column":5}},"4":{"start":{"line":13,"column":21},"end":{"line":13,"column":41}},"5":{"start":{"line":14,"column":21},"end":{"line":14,"column":68}},"6":{"start":{"line":15,"column":19},"end":{"line":15,"column":30}},"7":{"start":{"line":16,"column":6},"end":{"line":16,"column":23}},"8":{"start":{"line":17,"column":6},"end":{"line":17,"column":33}},"9":{"start":{"line":19,"column":6},"end":{"line":19,"column":52}},"10":{"start":{"line":20,"column":6},"end":{"line":20,"column":57}},"11":{"start":{"line":25,"column":2},"end":{"line":36,"column":4}},"12":{"start":{"line":26,"column":4},"end":{"line":35,"column":5}},"13":{"start":{"line":27,"column":21},"end":{"line":27,"column":41}},"14":{"start":{"line":28,"column":21},"end":{"line":28,"column":64}},"15":{"start":{"line":29,"column":19},"end":{"line":29,"column":30}},"16":{"start":{"line":30,"column":6},"end":{"line":30,"column":23}},"17":{"start":{"line":31,"column":6},"end":{"line":31,"column":33}},"18":{"start":{"line":33,"column":6},"end":{"line":33,"column":52}},"19":{"start":{"line":34,"column":6},"end":{"line":34,"column":57}},"20":{"start":{"line":41,"column":2},"end":{"line":52,"column":4}},"21":{"start":{"line":42,"column":4},"end":{"line":51,"column":5}},"22":{"start":{"line":43,"column":21},"end":{"line":43,"column":41}},"23":{"start":{"line":44,"column":21},"end":{"line":44,"column":65}},"24":{"start":{"line":45,"column":19},"end":{"line":45,"column":30}},"25":{"start":{"line":46,"column":6},"end":{"line":46,"column":23}},"26":{"start":{"line":47,"column":6},"end":{"line":47,"column":33}},"27":{"start":{"line":49,"column":6},"end":{"line":49,"column":52}},"28":{"start":{"line":50,"column":6},"end":{"line":50,"column":57}},"29":{"start":{"line":58,"column":0},"end":{"line":70,"column":4}},"30":{"start":{"line":59,"column":49},"end":{"line":59,"column":57}},"31":{"start":{"line":60,"column":4},"end":{"line":69,"column":5}},"32":{"start":{"line":61,"column":21},"end":{"line":61,"column":41}},"33":{"start":{"line":62,"column":21},"end":{"line":62,"column":172}},"34":{"start":{"line":63,"column":22},"end":{"line":63,"column":36}},"35":{"start":{"line":64,"column":6},"end":{"line":64,"column":23}},"36":{"start":{"line":65,"column":6},"end":{"line":65,"column":36}},"37":{"start":{"line":67,"column":6},"end":{"line":67,"column":62}},"38":{"start":{"line":68,"column":6},"end":{"line":68,"column":57}},"39":{"start":{"line":76,"column":2},"end":{"line":92,"column":4}},"40":{"start":{"line":77,"column":15},"end":{"line":77,"column":28}},"41":{"start":{"line":78,"column":49},"end":{"line":78,"column":57}},"42":{"start":{"line":79,"column":4},"end":{"line":91,"column":5}},"43":{"start":{"line":80,"column":21},"end":{"line":80,"column":41}},"44":{"start":{"line":81,"column":21},"end":{"line":81,"column":181}},"45":{"start":{"line":82,"column":26},"end":{"line":82,"column":40}},"46":{"start":{"line":83,"column":6},"end":{"line":83,"column":23}},"47":{"start":{"line":84,"column":6},"end":{"line":86,"column":7}},"48":{"start":{"line":85,"column":8},"end":{"line":85,"column":62}},"49":{"start":{"line":87,"column":6},"end":{"line":87,"column":28}},"50":{"start":{"line":89,"column":6},"end":{"line":89,"column":61}},"51":{"start":{"line":90,"column":6},"end":{"line":90,"column":57}},"52":{"start":{"line":97,"column":2},"end":{"line":112,"column":4}},"53":{"start":{"line":98,"column":15},"end":{"line":98,"column":28}},"54":{"start":{"line":99,"column":4},"end":{"line":111,"column":5}},"55":{"start":{"line":100,"column":21},"end":{"line":100,"column":41}},"56":{"start":{"line":101,"column":21},"end":{"line":101,"column":98}},"57":{"start":{"line":102,"column":26},"end":{"line":102,"column":40}},"58":{"start":{"line":103,"column":6},"end":{"line":103,"column":23}},"59":{"start":{"line":104,"column":6},"end":{"line":106,"column":7}},"60":{"start":{"line":105,"column":8},"end":{"line":105,"column":62}},"61":{"start":{"line":107,"column":6},"end":{"line":107,"column":40}},"62":{"start":{"line":109,"column":6},"end":{"line":109,"column":59}},"63":{"start":{"line":110,"column":6},"end":{"line":110,"column":57}}},"fnMap":{"0":{"name":"(anonymous_0)","decl":{"start":{"line":11,"column":24},"end":{"line":11,"column":25}},"loc":{"start":{"line":11,"column":44},"end":{"line":22,"column":3}},"line":11},"1":{"name":"(anonymous_1)","decl":{"start":{"line":25,"column":29},"end":{"line":25,"column":30}},"loc":{"start":{"line":25,"column":49},"end":{"line":36,"column":3}},"line":25},"2":{"name":"(anonymous_2)","decl":{"start":{"line":41,"column":30},"end":{"line":41,"column":31}},"loc":{"start":{"line":41,"column":50},"end":{"line":52,"column":3}},"line":41},"3":{"name":"(anonymous_3)","decl":{"start":{"line":58,"column":24},"end":{"line":58,"column":25}},"loc":{"start":{"line":58,"column":44},"end":{"line":70,"column":3}},"line":58},"4":{"name":"(anonymous_4)","decl":{"start":{"line":76,"column":26},"end":{"line":76,"column":27}},"loc":{"start":{"line":76,"column":46},"end":{"line":92,"column":3}},"line":76},"5":{"name":"(anonymous_5)","decl":{"start":{"line":97,"column":26},"end":{"line":97,"column":27}},"loc":{"start":{"line":97,"column":46},"end":{"line":112,"column":3}},"line":97}},"branchMap":{"0":{"loc":{"start":{"line":84,"column":6},"end":{"line":86,"column":7}},"type":"if","locations":[{"start":{"line":84,"column":6},"end":{"line":86,"column":7}},{"start":{},"end":{}}],"line":84},"1":{"loc":{"start":{"line":104,"column":6},"end":{"line":106,"column":7}},"type":"if","locations":[{"start":{"line":104,"column":6},"end":{"line":106,"column":7}},{"start":{},"end":{}}],"line":104}},"s":{"0":1,"1":1,"2":1,"3":1,"4":1,"5":1,"6":1,"7":1,"8":1,"9":0,"10":0,"11":1,"12":1,"13":1,"14":1,"15":1,"16":1,"17":1,"18":0,"19":0,"20":1,"21":1,"22":1,"23":1,"24":1,"25":1,"26":1,"27":0,"28":0,"29":1,"30":1,"31":1,"32":1,"33":1,"34":1,"35":1,"36":1,"37":0,"38":0,"39":1,"40":0,"41":0,"42":0,"43":0,"44":0,"45":0,"46":0,"47":0,"48":0,"49":0,"50":0,"51":0,"52":1,"53":0,"54":0,"55":0,"56":0,"57":0,"58":0,"59":0,"60":0,"61":0,"62":0,"63":0},"f":{"0":1,"1":1,"2":1,"3":1,"4":0,"5":0},"b":{"0":[0,0],"1":[0,0]},"_coverageSchema":"1a1c01bbd47fc00a2c39e90264f33305004495a9","hash":"a4c43e7e00629fc67c8d96cf8c3d498886f9c979"}
,"C:\\Users\\b14s206\\Desktop\\entrega_devops\\api-rest-devops\\routes\\dataRoutes.js": {"path":"C:\\Users\\b14s206\\Desktop\\entrega_devops\\api-rest-devops\\routes\\dataRoutes.js","statementMap":{"0":{"start":{"line":1,"column":16},"end":{"line":1,"column":34}},"1":{"start":{"line":2,"column":15},"end":{"line":2,"column":31}},"2":{"start":{"line":3,"column":23},"end":{"line":3,"column":63}},"3":{"start":{"line":5,"column":0},"end":{"line":5,"column":49}},"4":{"start":{"line":6,"column":0},"end":{"line":6,"column":56}},"5":{"start":{"line":7,"column":0},"end":{"line":7,"column":57}},"6":{"start":{"line":9,"column":0},"end":{"line":9,"column":56}},"7":{"start":{"line":11,"column":0},"end":{"line":11,"column":59}},"8":{"start":{"line":13,"column":0},"end":{"line":13,"column":62}},"9":{"start":{"line":14,"column":0},"end":{"line":14,"column":24}}},"fnMap":{},"branchMap":{},"s":{"0":1,"1":1,"2":1,"3":1,"4":1,"5":1,"6":1,"7":1,"8":1,"9":1},"f":{},"b":{},"_coverageSchema":"1a1c01bbd47fc00a2c39e90264f33305004495a9","hash":"13828c58de7d179af4ae7c5d77bf9f70f284d3e6"}
}
